The system is: Linux - 3.13.0-37-generic - x86_64
Compiling the C compiler identification source file "CMakeCCompilerId.c" succeeded.
Compiler: /usr/bin/cc 
Build flags: 
Id flags: 

The output was:
0


Compilation of the C compiler identification source "CMakeCCompilerId.c" produced "a.out"

The C compiler identification is GNU, found in "/home/sysop/Dropbox/UCF/COP4331/Project/Libraries/freeglut-3.0.0/CMakeFiles/2.8.12.2/CompilerIdC/a.out"

Compiling the CXX compiler identification source file "CMakeCXXCompilerId.cpp" succeeded.
Compiler: /usr/bin/c++ 
Build flags: 
Id flags: 

The output was:
0


Compilation of the CXX compiler identification source "CMakeCXXCompilerId.cpp" produced "a.out"

The CXX compiler identification is GNU, found in "/home/sysop/Dropbox/UCF/COP4331/Project/Libraries/freeglut-3.0.0/CMakeFiles/2.8.12.2/CompilerIdCXX/a.out"

Determining if the C compiler works passed with the following output:
Change Dir: /home/sysop/Dropbox/UCF/COP4331/Project/Libraries/freeglut-3.0.0/CMakeFiles/CMakeTmp

Run Build Command:/usr/bin/make "cmTryCompileExec269737738/fast"
/usr/bin/make -f CMakeFiles/cmTryCompileExec269737738.dir/build.make CMakeFiles/cmTryCompileExec269737738.dir/build
make[1]: Entering directory `/home/sysop/Dropbox/UCF/COP4331/Project/Libraries/freeglut-3.0.0/CMakeFiles/CMakeTmp'
/usr/bin/cmake -E cmake_progress_report /home/sysop/Dropbox/UCF/COP4331/Project/Libraries/freeglut-3.0.0/CMakeFiles/CMakeTmp/CMakeFiles 1
Building C object CMakeFiles/cmTryCompileExec269737738.dir/testCCompiler.c.o
/usr/bin/cc    -o CMakeFiles/cmTryCompileExec269737738.dir/testCCompiler.c.o   -c /home/sysop/Dropbox/UCF/COP4331/Project/Libraries/freeglut-3.0.0/CMakeFiles/CMakeTmp/testCCompiler.c
Linking C executable cmTryCompileExec269737738
/usr/bin/cmake -E cmake_link_script CMakeFiles/cmTryCompileExec269737738.dir/link.txt --verbose=1
/usr/bin/cc       CMakeFiles/cmTryCompileExec269737738.dir/testCCompiler.c.o  -o cmTryCompileExec269737738 -rdynamic 
make[1]: Leaving directory `/home/sysop/Dropbox/UCF/COP4331/Project/Libraries/freeglut-3.0.0/CMakeFiles/CMakeTmp'


Detecting C compiler ABI info compiled with the following output:
Change Dir: /home/sysop/Dropbox/UCF/COP4331/Project/Libraries/freeglut-3.0.0/CMakeFiles/CMakeTmp

Run Build Command:/usr/bin/make "cmTryCompileExec2483276183/fast"
/usr/bin/make -f CMakeFiles/cmTryCompileExec2483276183.dir/build.make CMakeFiles/cmTryCompileExec2483276183.dir/build
make[1]: Entering directory `/home/sysop/Dropbox/UCF/COP4331/Project/Libraries/freeglut-3.0.0/CMakeFiles/CMakeTmp'
/usr/bin/cmake -E cmake_progress_report /home/sysop/Dropbox/UCF/COP4331/Project/Libraries/freeglut-3.0.0/CMakeFiles/CMakeTmp/CMakeFiles 1
Building C object CMakeFiles/cmTryCompileExec2483276183.dir/CMakeCCompilerABI.c.o
/usr/bin/cc    -o CMakeFiles/cmTryCompileExec2483276183.dir/CMakeCCompilerABI.c.o   -c /usr/share/cmake-2.8/Modules/CMakeCCompilerABI.c
Linking C executable cmTryCompileExec2483276183
/usr/bin/cmake -E cmake_link_script CMakeFiles/cmTryCompileExec2483276183.dir/link.txt --verbose=1
/usr/bin/cc     -v CMakeFiles/cmTryCompileExec2483276183.dir/CMakeCCompilerABI.c.o  -o cmTryCompileExec2483276183 -rdynamic  
Using built-in specs.
COLLECT_GCC=/usr/bin/cc
COLLECT_LTO_WRAPPER=/usr/lib/gcc/x86_64-linux-gnu/4.8/lto-wrapper
Target: x86_64-linux-gnu
Configured with: ../src/configure -v --with-pkgversion='Ubuntu 4.8.2-19ubuntu1' --with-bugurl=file:///usr/share/doc/gcc-4.8/README.Bugs --enable-languages=c,c++,java,go,d,fortran,objc,obj-c++ --prefix=/usr --program-suffix=-4.8 --enable-shared --enable-linker-build-id --libexecdir=/usr/lib --without-included-gettext --enable-threads=posix --with-gxx-include-dir=/usr/include/c++/4.8 --libdir=/usr/lib --enable-nls --with-sysroot=/ --enable-clocale=gnu --enable-libstdcxx-debug --enable-libstdcxx-time=yes --enable-gnu-unique-object --disable-libmudflap --enable-plugin --with-system-zlib --disable-browser-plugin --enable-java-awt=gtk --enable-gtk-cairo --with-java-home=/usr/lib/jvm/java-1.5.0-gcj-4.8-amd64/jre --enable-java-home --with-jvm-root-dir=/usr/lib/jvm/java-1.5.0-gcj-4.8-amd64 --with-jvm-jar-dir=/usr/lib/jvm-exports/java-1.5.0-gcj-4.8-amd64 --with-arch-directory=amd64 --with-ecj-jar=/usr/share/java/eclipse-ecj.jar --enable-objc-gc --enable-multiarch --disable-werror --with-arch-32=i686 --with-abi=m64 --with-multilib-list=m32,m64,mx32 --with-tune=generic --enable-checking=release --build=x86_64-linux-gnu --host=x86_64-linux-gnu --target=x86_64-linux-gnu
Thread model: posix
gcc version 4.8.2 (Ubuntu 4.8.2-19ubuntu1) 
COMPILER_PATH=/usr/lib/gcc/x86_64-linux-gnu/4.8/:/usr/lib/gcc/x86_64-linux-gnu/4.8/:/usr/lib/gcc/x86_64-linux-gnu/:/usr/lib/gcc/x86_64-linux-gnu/4.8/:/usr/lib/gcc/x86_64-linux-gnu/
LIBRARY_PATH=/usr/lib/gcc/x86_64-linux-gnu/4.8/:/usr/lib/gcc/x86_64-linux-gnu/4.8/../../../x86_64-linux-gnu/:/usr/lib/gcc/x86_64-linux-gnu/4.8/../../../../lib/:/lib/x86_64-linux-gnu/:/lib/../lib/:/usr/lib/x86_64-linux-gnu/:/usr/lib/../lib/:/usr/lib/gcc/x86_64-linux-gnu/4.8/../../../:/lib/:/usr/lib/
COLLECT_GCC_OPTIONS='-v' '-o' 'cmTryCompileExec2483276183' '-rdynamic' '-mtune=generic' '-march=x86-64'
 /usr/lib/gcc/x86_64-linux-gnu/4.8/collect2 --sysroot=/ --build-id --eh-frame-hdr -m elf_x86_64 --hash-style=gnu --as-needed -export-dynamic -dynamic-linker /lib64/ld-linux-x86-64.so.2 -z relro -o cmTryCompileExec2483276183 /usr/lib/gcc/x86_64-linux-gnu/4.8/../../../x86_64-linux-gnu/crt1.o /usr/lib/gcc/x86_64-linux-gnu/4.8/../../../x86_64-linux-gnu/crti.o /usr/lib/gcc/x86_64-linux-gnu/4.8/crtbegin.o -L/usr/lib/gcc/x86_64-linux-gnu/4.8 -L/usr/lib/gcc/x86_64-linux-gnu/4.8/../../../x86_64-linux-gnu -L/usr/lib/gcc/x86_64-linux-gnu/4.8/../../../../lib -L/lib/x86_64-linux-gnu -L/lib/../lib -L/usr/lib/x86_64-linux-gnu -L/usr/lib/../lib -L/usr/lib/gcc/x86_64-linux-gnu/4.8/../../.. CMakeFiles/cmTryCompileExec2483276183.dir/CMakeCCompilerABI.c.o -lgcc --as-needed -lgcc_s --no-as-needed -lc -lgcc --as-needed -lgcc_s --no-as-needed /usr/lib/gcc/x86_64-linux-gnu/4.8/crtend.o /usr/lib/gcc/x86_64-linux-gnu/4.8/../../../x86_64-linux-gnu/crtn.o
make[1]: Leaving directory `/home/sysop/Dropbox/UCF/COP4331/Project/Libraries/freeglut-3.0.0/CMakeFiles/CMakeTmp'


Parsed C implicit link information from above output:
  link line regex: [^( *|.*[/\])(ld|([^/\]+-)?ld|collect2)[^/\]*( |$)]
  ignore line: [Change Dir: /home/sysop/Dropbox/UCF/COP4331/Project/Libraries/freeglut-3.0.0/CMakeFiles/CMakeTmp]
  ignore line: []
  ignore line: [Run Build Command:/usr/bin/make "cmTryCompileExec2483276183/fast"]
  ignore line: [/usr/bin/make -f CMakeFiles/cmTryCompileExec2483276183.dir/build.make CMakeFiles/cmTryCompileExec2483276183.dir/build]
  ignore line: [make[1]: Entering directory `/home/sysop/Dropbox/UCF/COP4331/Project/Libraries/freeglut-3.0.0/CMakeFiles/CMakeTmp']
  ignore line: [/usr/bin/cmake -E cmake_progress_report /home/sysop/Dropbox/UCF/COP4331/Project/Libraries/freeglut-3.0.0/CMakeFiles/CMakeTmp/CMakeFiles 1]
  ignore line: [Building C object CMakeFiles/cmTryCompileExec2483276183.dir/CMakeCCompilerABI.c.o]
  ignore line: [/usr/bin/cc    -o CMakeFiles/cmTryCompileExec2483276183.dir/CMakeCCompilerABI.c.o   -c /usr/share/cmake-2.8/Modules/CMakeCCompilerABI.c]
  ignore line: [Linking C executable cmTryCompileExec2483276183]
  ignore line: [/usr/bin/cmake -E cmake_link_script CMakeFiles/cmTryCompileExec2483276183.dir/link.txt --verbose=1]
  ignore line: [/usr/bin/cc     -v CMakeFiles/cmTryCompileExec2483276183.dir/CMakeCCompilerABI.c.o  -o cmTryCompileExec2483276183 -rdynamic  ]
  ignore line: [Using built-in specs.]
  ignore line: [COLLECT_GCC=/usr/bin/cc]
  ignore line: [COLLECT_LTO_WRAPPER=/usr/lib/gcc/x86_64-linux-gnu/4.8/lto-wrapper]
  ignore line: [Target: x86_64-linux-gnu]
  ignore line: [Configured with: ../src/configure -v --with-pkgversion='Ubuntu 4.8.2-19ubuntu1' --with-bugurl=file:///usr/share/doc/gcc-4.8/README.Bugs --enable-languages=c,c++,java,go,d,fortran,objc,obj-c++ --prefix=/usr --program-suffix=-4.8 --enable-shared --enable-linker-build-id --libexecdir=/usr/lib --without-included-gettext --enable-threads=posix --with-gxx-include-dir=/usr/include/c++/4.8 --libdir=/usr/lib --enable-nls --with-sysroot=/ --enable-clocale=gnu --enable-libstdcxx-debug --enable-libstdcxx-time=yes --enable-gnu-unique-object --disable-libmudflap --enable-plugin --with-system-zlib --disable-browser-plugin --enable-java-awt=gtk --enable-gtk-cairo --with-java-home=/usr/lib/jvm/java-1.5.0-gcj-4.8-amd64/jre --enable-java-home --with-jvm-root-dir=/usr/lib/jvm/java-1.5.0-gcj-4.8-amd64 --with-jvm-jar-dir=/usr/lib/jvm-exports/java-1.5.0-gcj-4.8-amd64 --with-arch-directory=amd64 --with-ecj-jar=/usr/share/java/eclipse-ecj.jar --enable-objc-gc --enable-multiarch --disable-werror --with-arch-32=i686 --with-abi=m64 --with-multilib-list=m32,m64,mx32 --with-tune=generic --enable-checking=release --build=x86_64-linux-gnu --host=x86_64-linux-gnu --target=x86_64-linux-gnu]
  ignore line: [Thread model: posix]
  ignore line: [gcc version 4.8.2 (Ubuntu 4.8.2-19ubuntu1) ]
  ignore line: [COMPILER_PATH=/usr/lib/gcc/x86_64-linux-gnu/4.8/:/usr/lib/gcc/x86_64-linux-gnu/4.8/:/usr/lib/gcc/x86_64-linux-gnu/:/usr/lib/gcc/x86_64-linux-gnu/4.8/:/usr/lib/gcc/x86_64-linux-gnu/]
  ignore line: [LIBRARY_PATH=/usr/lib/gcc/x86_64-linux-gnu/4.8/:/usr/lib/gcc/x86_64-linux-gnu/4.8/../../../x86_64-linux-gnu/:/usr/lib/gcc/x86_64-linux-gnu/4.8/../../../../lib/:/lib/x86_64-linux-gnu/:/lib/../lib/:/usr/lib/x86_64-linux-gnu/:/usr/lib/../lib/:/usr/lib/gcc/x86_64-linux-gnu/4.8/../../../:/lib/:/usr/lib/]
  ignore line: [COLLECT_GCC_OPTIONS='-v' '-o' 'cmTryCompileExec2483276183' '-rdynamic' '-mtune=generic' '-march=x86-64']
  link line: [ /usr/lib/gcc/x86_64-linux-gnu/4.8/collect2 --sysroot=/ --build-id --eh-frame-hdr -m elf_x86_64 --hash-style=gnu --as-needed -export-dynamic -dynamic-linker /lib64/ld-linux-x86-64.so.2 -z relro -o cmTryCompileExec2483276183 /usr/lib/gcc/x86_64-linux-gnu/4.8/../../../x86_64-linux-gnu/crt1.o /usr/lib/gcc/x86_64-linux-gnu/4.8/../../../x86_64-linux-gnu/crti.o /usr/lib/gcc/x86_64-linux-gnu/4.8/crtbegin.o -L/usr/lib/gcc/x86_64-linux-gnu/4.8 -L/usr/lib/gcc/x86_64-linux-gnu/4.8/../../../x86_64-linux-gnu -L/usr/lib/gcc/x86_64-linux-gnu/4.8/../../../../lib -L/lib/x86_64-linux-gnu -L/lib/../lib -L/usr/lib/x86_64-linux-gnu -L/usr/lib/../lib -L/usr/lib/gcc/x86_64-linux-gnu/4.8/../../.. CMakeFiles/cmTryCompileExec2483276183.dir/CMakeCCompilerABI.c.o -lgcc --as-needed -lgcc_s --no-as-needed -lc -lgcc --as-needed -lgcc_s --no-as-needed /usr/lib/gcc/x86_64-linux-gnu/4.8/crtend.o /usr/lib/gcc/x86_64-linux-gnu/4.8/../../../x86_64-linux-gnu/crtn.o]
    arg [/usr/lib/gcc/x86_64-linux-gnu/4.8/collect2] ==> ignore
    arg [--sysroot=/] ==> ignore
    arg [--build-id] ==> ignore
    arg [--eh-frame-hdr] ==> ignore
    arg [-m] ==> ignore
    arg [elf_x86_64] ==> ignore
    arg [--hash-style=gnu] ==> ignore
    arg [--as-needed] ==> ignore
    arg [-export-dynamic] ==> ignore
    arg [-dynamic-linker] ==> ignore
    arg [/lib64/ld-linux-x86-64.so.2] ==> ignore
    arg [-zrelro] ==> ignore
    arg [-o] ==> ignore
    arg [cmTryCompileExec2483276183] ==> ignore
    arg [/usr/lib/gcc/x86_64-linux-gnu/4.8/../../../x86_64-linux-gnu/crt1.o] ==> ignore
    arg [/usr/lib/gcc/x86_64-linux-gnu/4.8/../../../x86_64-linux-gnu/crti.o] ==> ignore
    arg [/usr/lib/gcc/x86_64-linux-gnu/4.8/crtbegin.o] ==> ignore
    arg [-L/usr/lib/gcc/x86_64-linux-gnu/4.8] ==> dir [/usr/lib/gcc/x86_64-linux-gnu/4.8]
    arg [-L/usr/lib/gcc/x86_64-linux-gnu/4.8/../../../x86_64-linux-gnu] ==> dir [/usr/lib/gcc/x86_64-linux-gnu/4.8/../../../x86_64-linux-gnu]
    arg [-L/usr/lib/gcc/x86_64-linux-gnu/4.8/../../../../lib] ==> dir [/usr/lib/gcc/x86_64-linux-gnu/4.8/../../../../lib]
    arg [-L/lib/x86_64-linux-gnu] ==> dir [/lib/x86_64-linux-gnu]
    arg [-L/lib/../lib] ==> dir [/lib/../lib]
    arg [-L/usr/lib/x86_64-linux-gnu] ==> dir [/usr/lib/x86_64-linux-gnu]
    arg [-L/usr/lib/../lib] ==> dir [/usr/lib/../lib]
    arg [-L/usr/lib/gcc/x86_64-linux-gnu/4.8/../../..] ==> dir [/usr/lib/gcc/x86_64-linux-gnu/4.8/../../..]
    arg [CMakeFiles/cmTryCompileExec2483276183.dir/CMakeCCompilerABI.c.o] ==> ignore
    arg [-lgcc] ==> lib [gcc]
    arg [--as-needed] ==> ignore
    arg [-lgcc_s] ==> lib [gcc_s]
    arg [--no-as-needed] ==> ignore
    arg [-lc] ==> lib [c]
    arg [-lgcc] ==> lib [gcc]
    arg [--as-needed] ==> ignore
    arg [-lgcc_s] ==> lib [gcc_s]
    arg [--no-as-needed] ==> ignore
    arg [/usr/lib/gcc/x86_64-linux-gnu/4.8/crtend.o] ==> ignore
    arg [/usr/lib/gcc/x86_64-linux-gnu/4.8/../../../x86_64-linux-gnu/crtn.o] ==> ignore
  remove lib [gcc]
  remove lib [gcc_s]
  remove lib [gcc]
  remove lib [gcc_s]
  collapse library dir [/usr/lib/gcc/x86_64-linux-gnu/4.8] ==> [/usr/lib/gcc/x86_64-linux-gnu/4.8]
  collapse library dir [/usr/lib/gcc/x86_64-linux-gnu/4.8/../../../x86_64-linux-gnu] ==> [/usr/lib/x86_64-linux-gnu]
  collapse library dir [/usr/lib/gcc/x86_64-linux-gnu/4.8/../../../../lib] ==> [/usr/lib]
  collapse library dir [/lib/x86_64-linux-gnu] ==> [/lib/x86_64-linux-gnu]
  collapse library dir [/lib/../lib] ==> [/lib]
  collapse library dir [/usr/lib/x86_64-linux-gnu] ==> [/usr/lib/x86_64-linux-gnu]
  collapse library dir [/usr/lib/../lib] ==> [/usr/lib]
  collapse library dir [/usr/lib/gcc/x86_64-linux-gnu/4.8/../../..] ==> [/usr/lib]
  implicit libs: [c]
  implicit dirs: [/usr/lib/gcc/x86_64-linux-gnu/4.8;/usr/lib/x86_64-linux-gnu;/usr/lib;/lib/x86_64-linux-gnu;/lib]
  implicit fwks: []


Determining if the CXX compiler works passed with the following output:
Change Dir: /home/sysop/Dropbox/UCF/COP4331/Project/Libraries/freeglut-3.0.0/CMakeFiles/CMakeTmp

Run Build Command:/usr/bin/make "cmTryCompileExec3532277277/fast"
/usr/bin/make -f CMakeFiles/cmTryCompileExec3532277277.dir/build.make CMakeFiles/cmTryCompileExec3532277277.dir/build
make[1]: Entering directory `/home/sysop/Dropbox/UCF/COP4331/Project/Libraries/freeglut-3.0.0/CMakeFiles/CMakeTmp'
/usr/bin/cmake -E cmake_progress_report /home/sysop/Dropbox/UCF/COP4331/Project/Libraries/freeglut-3.0.0/CMakeFiles/CMakeTmp/CMakeFiles 1
Building CXX object CMakeFiles/cmTryCompileExec3532277277.dir/testCXXCompiler.cxx.o
/usr/bin/c++     -o CMakeFiles/cmTryCompileExec3532277277.dir/testCXXCompiler.cxx.o -c /home/sysop/Dropbox/UCF/COP4331/Project/Libraries/freeglut-3.0.0/CMakeFiles/CMakeTmp/testCXXCompiler.cxx
Linking CXX executable cmTryCompileExec3532277277
/usr/bin/cmake -E cmake_link_script CMakeFiles/cmTryCompileExec3532277277.dir/link.txt --verbose=1
/usr/bin/c++        CMakeFiles/cmTryCompileExec3532277277.dir/testCXXCompiler.cxx.o  -o cmTryCompileExec3532277277 -rdynamic 
make[1]: Leaving directory `/home/sysop/Dropbox/UCF/COP4331/Project/Libraries/freeglut-3.0.0/CMakeFiles/CMakeTmp'


Detecting CXX compiler ABI info compiled with the following output:
Change Dir: /home/sysop/Dropbox/UCF/COP4331/Project/Libraries/freeglut-3.0.0/CMakeFiles/CMakeTmp

Run Build Command:/usr/bin/make "cmTryCompileExec1079904449/fast"
/usr/bin/make -f CMakeFiles/cmTryCompileExec1079904449.dir/build.make CMakeFiles/cmTryCompileExec1079904449.dir/build
make[1]: Entering directory `/home/sysop/Dropbox/UCF/COP4331/Project/Libraries/freeglut-3.0.0/CMakeFiles/CMakeTmp'
/usr/bin/cmake -E cmake_progress_report /home/sysop/Dropbox/UCF/COP4331/Project/Libraries/freeglut-3.0.0/CMakeFiles/CMakeTmp/CMakeFiles 1
Building CXX object CMakeFiles/cmTryCompileExec1079904449.dir/CMakeCXXCompilerABI.cpp.o
/usr/bin/c++     -o CMakeFiles/cmTryCompileExec1079904449.dir/CMakeCXXCompilerABI.cpp.o -c /usr/share/cmake-2.8/Modules/CMakeCXXCompilerABI.cpp
Linking CXX executable cmTryCompileExec1079904449
/usr/bin/cmake -E cmake_link_script CMakeFiles/cmTryCompileExec1079904449.dir/link.txt --verbose=1
/usr/bin/c++      -v CMakeFiles/cmTryCompileExec1079904449.dir/CMakeCXXCompilerABI.cpp.o  -o cmTryCompileExec1079904449 -rdynamic  
Using built-in specs.
COLLECT_GCC=/usr/bin/c++
COLLECT_LTO_WRAPPER=/usr/lib/gcc/x86_64-linux-gnu/4.8/lto-wrapper
Target: x86_64-linux-gnu
Configured with: ../src/configure -v --with-pkgversion='Ubuntu 4.8.2-19ubuntu1' --with-bugurl=file:///usr/share/doc/gcc-4.8/README.Bugs --enable-languages=c,c++,java,go,d,fortran,objc,obj-c++ --prefix=/usr --program-suffix=-4.8 --enable-shared --enable-linker-build-id --libexecdir=/usr/lib --without-included-gettext --enable-threads=posix --with-gxx-include-dir=/usr/include/c++/4.8 --libdir=/usr/lib --enable-nls --with-sysroot=/ --enable-clocale=gnu --enable-libstdcxx-debug --enable-libstdcxx-time=yes --enable-gnu-unique-object --disable-libmudflap --enable-plugin --with-system-zlib --disable-browser-plugin --enable-java-awt=gtk --enable-gtk-cairo --with-java-home=/usr/lib/jvm/java-1.5.0-gcj-4.8-amd64/jre --enable-java-home --with-jvm-root-dir=/usr/lib/jvm/java-1.5.0-gcj-4.8-amd64 --with-jvm-jar-dir=/usr/lib/jvm-exports/java-1.5.0-gcj-4.8-amd64 --with-arch-directory=amd64 --with-ecj-jar=/usr/share/java/eclipse-ecj.jar --enable-objc-gc --enable-multiarch --disable-werror --with-arch-32=i686 --with-abi=m64 --with-multilib-list=m32,m64,mx32 --with-tune=generic --enable-checking=release --build=x86_64-linux-gnu --host=x86_64-linux-gnu --target=x86_64-linux-gnu
Thread model: posix
gcc version 4.8.2 (Ubuntu 4.8.2-19ubuntu1) 
COMPILER_PATH=/usr/lib/gcc/x86_64-linux-gnu/4.8/:/usr/lib/gcc/x86_64-linux-gnu/4.8/:/usr/lib/gcc/x86_64-linux-gnu/:/usr/lib/gcc/x86_64-linux-gnu/4.8/:/usr/lib/gcc/x86_64-linux-gnu/
LIBRARY_PATH=/usr/lib/gcc/x86_64-linux-gnu/4.8/:/usr/lib/gcc/x86_64-linux-gnu/4.8/../../../x86_64-linux-gnu/:/usr/lib/gcc/x86_64-linux-gnu/4.8/../../../../lib/:/lib/x86_64-linux-gnu/:/lib/../lib/:/usr/lib/x86_64-linux-gnu/:/usr/lib/../lib/:/usr/lib/gcc/x86_64-linux-gnu/4.8/../../../:/lib/:/usr/lib/
COLLECT_GCC_OPTIONS='-v' '-o' 'cmTryCompileExec1079904449' '-rdynamic' '-shared-libgcc' '-mtune=generic' '-march=x86-64'
 /usr/lib/gcc/x86_64-linux-gnu/4.8/collect2 --sysroot=/ --build-id --eh-frame-hdr -m elf_x86_64 --hash-style=gnu --as-needed -export-dynamic -dynamic-linker /lib64/ld-linux-x86-64.so.2 -z relro -o cmTryCompileExec1079904449 /usr/lib/gcc/x86_64-linux-gnu/4.8/../../../x86_64-linux-gnu/crt1.o /usr/lib/gcc/x86_64-linux-gnu/4.8/../../../x86_64-linux-gnu/crti.o /usr/lib/gcc/x86_64-linux-gnu/4.8/crtbegin.o -L/usr/lib/gcc/x86_64-linux-gnu/4.8 -L/usr/lib/gcc/x86_64-linux-gnu/4.8/../../../x86_64-linux-gnu -L/usr/lib/gcc/x86_64-linux-gnu/4.8/../../../../lib -L/lib/x86_64-linux-gnu -L/lib/../lib -L/usr/lib/x86_64-linux-gnu -L/usr/lib/../lib -L/usr/lib/gcc/x86_64-linux-gnu/4.8/../../.. CMakeFiles/cmTryCompileExec1079904449.dir/CMakeCXXCompilerABI.cpp.o -lstdc++ -lm -lgcc_s -lgcc -lc -lgcc_s -lgcc /usr/lib/gcc/x86_64-linux-gnu/4.8/crtend.o /usr/lib/gcc/x86_64-linux-gnu/4.8/../../../x86_64-linux-gnu/crtn.o
make[1]: Leaving directory `/home/sysop/Dropbox/UCF/COP4331/Project/Libraries/freeglut-3.0.0/CMakeFiles/CMakeTmp'


Parsed CXX implicit link information from above output:
  link line regex: [^( *|.*[/\])(ld|([^/\]+-)?ld|collect2)[^/\]*( |$)]
  ignore line: [Change Dir: /home/sysop/Dropbox/UCF/COP4331/Project/Libraries/freeglut-3.0.0/CMakeFiles/CMakeTmp]
  ignore line: []
  ignore line: [Run Build Command:/usr/bin/make "cmTryCompileExec1079904449/fast"]
  ignore line: [/usr/bin/make -f CMakeFiles/cmTryCompileExec1079904449.dir/build.make CMakeFiles/cmTryCompileExec1079904449.dir/build]
  ignore line: [make[1]: Entering directory `/home/sysop/Dropbox/UCF/COP4331/Project/Libraries/freeglut-3.0.0/CMakeFiles/CMakeTmp']
  ignore line: [/usr/bin/cmake -E cmake_progress_report /home/sysop/Dropbox/UCF/COP4331/Project/Libraries/freeglut-3.0.0/CMakeFiles/CMakeTmp/CMakeFiles 1]
  ignore line: [Building CXX object CMakeFiles/cmTryCompileExec1079904449.dir/CMakeCXXCompilerABI.cpp.o]
  ignore line: [/usr/bin/c++     -o CMakeFiles/cmTryCompileExec1079904449.dir/CMakeCXXCompilerABI.cpp.o -c /usr/share/cmake-2.8/Modules/CMakeCXXCompilerABI.cpp]
  ignore line: [Linking CXX executable cmTryCompileExec1079904449]
  ignore line: [/usr/bin/cmake -E cmake_link_script CMakeFiles/cmTryCompileExec1079904449.dir/link.txt --verbose=1]
  ignore line: [/usr/bin/c++      -v CMakeFiles/cmTryCompileExec1079904449.dir/CMakeCXXCompilerABI.cpp.o  -o cmTryCompileExec1079904449 -rdynamic  ]
  ignore line: [Using built-in specs.]
  ignore line: [COLLECT_GCC=/usr/bin/c++]
  ignore line: [COLLECT_LTO_WRAPPER=/usr/lib/gcc/x86_64-linux-gnu/4.8/lto-wrapper]
  ignore line: [Target: x86_64-linux-gnu]
  ignore line: [Configured with: ../src/configure -v --with-pkgversion='Ubuntu 4.8.2-19ubuntu1' --with-bugurl=file:///usr/share/doc/gcc-4.8/README.Bugs --enable-languages=c,c++,java,go,d,fortran,objc,obj-c++ --prefix=/usr --program-suffix=-4.8 --enable-shared --enable-linker-build-id --libexecdir=/usr/lib --without-included-gettext --enable-threads=posix --with-gxx-include-dir=/usr/include/c++/4.8 --libdir=/usr/lib --enable-nls --with-sysroot=/ --enable-clocale=gnu --enable-libstdcxx-debug --enable-libstdcxx-time=yes --enable-gnu-unique-object --disable-libmudflap --enable-plugin --with-system-zlib --disable-browser-plugin --enable-java-awt=gtk --enable-gtk-cairo --with-java-home=/usr/lib/jvm/java-1.5.0-gcj-4.8-amd64/jre --enable-java-home --with-jvm-root-dir=/usr/lib/jvm/java-1.5.0-gcj-4.8-amd64 --with-jvm-jar-dir=/usr/lib/jvm-exports/java-1.5.0-gcj-4.8-amd64 --with-arch-directory=amd64 --with-ecj-jar=/usr/share/java/eclipse-ecj.jar --enable-objc-gc --enable-multiarch --disable-werror --with-arch-32=i686 --with-abi=m64 --with-multilib-list=m32,m64,mx32 --with-tune=generic --enable-checking=release --build=x86_64-linux-gnu --host=x86_64-linux-gnu --target=x86_64-linux-gnu]
  ignore line: [Thread model: posix]
  ignore line: [gcc version 4.8.2 (Ubuntu 4.8.2-19ubuntu1) ]
  ignore line: [COMPILER_PATH=/usr/lib/gcc/x86_64-linux-gnu/4.8/:/usr/lib/gcc/x86_64-linux-gnu/4.8/:/usr/lib/gcc/x86_64-linux-gnu/:/usr/lib/gcc/x86_64-linux-gnu/4.8/:/usr/lib/gcc/x86_64-linux-gnu/]
  ignore line: [LIBRARY_PATH=/usr/lib/gcc/x86_64-linux-gnu/4.8/:/usr/lib/gcc/x86_64-linux-gnu/4.8/../../../x86_64-linux-gnu/:/usr/lib/gcc/x86_64-linux-gnu/4.8/../../../../lib/:/lib/x86_64-linux-gnu/:/lib/../lib/:/usr/lib/x86_64-linux-gnu/:/usr/lib/../lib/:/usr/lib/gcc/x86_64-linux-gnu/4.8/../../../:/lib/:/usr/lib/]
  ignore line: [COLLECT_GCC_OPTIONS='-v' '-o' 'cmTryCompileExec1079904449' '-rdynamic' '-shared-libgcc' '-mtune=generic' '-march=x86-64']
  link line: [ /usr/lib/gcc/x86_64-linux-gnu/4.8/collect2 --sysroot=/ --build-id --eh-frame-hdr -m elf_x86_64 --hash-style=gnu --as-needed -export-dynamic -dynamic-linker /lib64/ld-linux-x86-64.so.2 -z relro -o cmTryCompileExec1079904449 /usr/lib/gcc/x86_64-linux-gnu/4.8/../../../x86_64-linux-gnu/crt1.o /usr/lib/gcc/x86_64-linux-gnu/4.8/../../../x86_64-linux-gnu/crti.o /usr/lib/gcc/x86_64-linux-gnu/4.8/crtbegin.o -L/usr/lib/gcc/x86_64-linux-gnu/4.8 -L/usr/lib/gcc/x86_64-linux-gnu/4.8/../../../x86_64-linux-gnu -L/usr/lib/gcc/x86_64-linux-gnu/4.8/../../../../lib -L/lib/x86_64-linux-gnu -L/lib/../lib -L/usr/lib/x86_64-linux-gnu -L/usr/lib/../lib -L/usr/lib/gcc/x86_64-linux-gnu/4.8/../../.. CMakeFiles/cmTryCompileExec1079904449.dir/CMakeCXXCompilerABI.cpp.o -lstdc++ -lm -lgcc_s -lgcc -lc -lgcc_s -lgcc /usr/lib/gcc/x86_64-linux-gnu/4.8/crtend.o /usr/lib/gcc/x86_64-linux-gnu/4.8/../../../x86_64-linux-gnu/crtn.o]
    arg [/usr/lib/gcc/x86_64-linux-gnu/4.8/collect2] ==> ignore
    arg [--sysroot=/] ==> ignore
    arg [--build-id] ==> ignore
    arg [--eh-frame-hdr] ==> ignore
    arg [-m] ==> ignore
    arg [elf_x86_64] ==> ignore
    arg [--hash-style=gnu] ==> ignore
    arg [--as-needed] ==> ignore
    arg [-export-dynamic] ==> ignore
    arg [-dynamic-linker] ==> ignore
    arg [/lib64/ld-linux-x86-64.so.2] ==> ignore
    arg [-zrelro] ==> ignore
    arg [-o] ==> ignore
    arg [cmTryCompileExec1079904449] ==> ignore
    arg [/usr/lib/gcc/x86_64-linux-gnu/4.8/../../../x86_64-linux-gnu/crt1.o] ==> ignore
    arg [/usr/lib/gcc/x86_64-linux-gnu/4.8/../../../x86_64-linux-gnu/crti.o] ==> ignore
    arg [/usr/lib/gcc/x86_64-linux-gnu/4.8/crtbegin.o] ==> ignore
    arg [-L/usr/lib/gcc/x86_64-linux-gnu/4.8] ==> dir [/usr/lib/gcc/x86_64-linux-gnu/4.8]
    arg [-L/usr/lib/gcc/x86_64-linux-gnu/4.8/../../../x86_64-linux-gnu] ==> dir [/usr/lib/gcc/x86_64-linux-gnu/4.8/../../../x86_64-linux-gnu]
    arg [-L/usr/lib/gcc/x86_64-linux-gnu/4.8/../../../../lib] ==> dir [/usr/lib/gcc/x86_64-linux-gnu/4.8/../../../../lib]
    arg [-L/lib/x86_64-linux-gnu] ==> dir [/lib/x86_64-linux-gnu]
    arg [-L/lib/../lib] ==> dir [/lib/../lib]
    arg [-L/usr/lib/x86_64-linux-gnu] ==> dir [/usr/lib/x86_64-linux-gnu]
    arg [-L/usr/lib/../lib] ==> dir [/usr/lib/../lib]
    arg [-L/usr/lib/gcc/x86_64-linux-gnu/4.8/../../..] ==> dir [/usr/lib/gcc/x86_64-linux-gnu/4.8/../../..]
    arg [CMakeFiles/cmTryCompileExec1079904449.dir/CMakeCXXCompilerABI.cpp.o] ==> ignore
    arg [-lstdc++] ==> lib [stdc++]
    arg [-lm] ==> lib [m]
    arg [-lgcc_s] ==> lib [gcc_s]
    arg [-lgcc] ==> lib [gcc]
    arg [-lc] ==> lib [c]
    arg [-lgcc_s] ==> lib [gcc_s]
    arg [-lgcc] ==> lib [gcc]
    arg [/usr/lib/gcc/x86_64-linux-gnu/4.8/crtend.o] ==> ignore
    arg [/usr/lib/gcc/x86_64-linux-gnu/4.8/../../../x86_64-linux-gnu/crtn.o] ==> ignore
  remove lib [gcc_s]
  remove lib [gcc]
  remove lib [gcc_s]
  remove lib [gcc]
  collapse library dir [/usr/lib/gcc/x86_64-linux-gnu/4.8] ==> [/usr/lib/gcc/x86_64-linux-gnu/4.8]
  collapse library dir [/usr/lib/gcc/x86_64-linux-gnu/4.8/../../../x86_64-linux-gnu] ==> [/usr/lib/x86_64-linux-gnu]
  collapse library dir [/usr/lib/gcc/x86_64-linux-gnu/4.8/../../../../lib] ==> [/usr/lib]
  collapse library dir [/lib/x86_64-linux-gnu] ==> [/lib/x86_64-linux-gnu]
  collapse library dir [/lib/../lib] ==> [/lib]
  collapse library dir [/usr/lib/x86_64-linux-gnu] ==> [/usr/lib/x86_64-linux-gnu]
  collapse library dir [/usr/lib/../lib] ==> [/usr/lib]
  collapse library dir [/usr/lib/gcc/x86_64-linux-gnu/4.8/../../..] ==> [/usr/lib]
  implicit libs: [stdc++;m;c]
  implicit dirs: [/usr/lib/gcc/x86_64-linux-gnu/4.8;/usr/lib/x86_64-linux-gnu;/usr/lib;/lib/x86_64-linux-gnu;/lib]
  implicit fwks: []


Determining if the function XOpenDisplay exists in the /usr/lib/x86_64-linux-gnu/libX11.so;/usr/lib/x86_64-linux-gnu/libXext.so passed with the following output:
Change Dir: /home/sysop/Dropbox/UCF/COP4331/Project/Libraries/freeglut-3.0.0/CMakeFiles/CMakeTmp

Run Build Command:/usr/bin/make "cmTryCompileExec768565961/fast"
/usr/bin/make -f CMakeFiles/cmTryCompileExec768565961.dir/build.make CMakeFiles/cmTryCompileExec768565961.dir/build
make[1]: Entering directory `/home/sysop/Dropbox/UCF/COP4331/Project/Libraries/freeglut-3.0.0/CMakeFiles/CMakeTmp'
/usr/bin/cmake -E cmake_progress_report /home/sysop/Dropbox/UCF/COP4331/Project/Libraries/freeglut-3.0.0/CMakeFiles/CMakeTmp/CMakeFiles 1
Building C object CMakeFiles/cmTryCompileExec768565961.dir/CheckFunctionExists.c.o
/usr/bin/cc   -DCHECK_FUNCTION_EXISTS=XOpenDisplay   -o CMakeFiles/cmTryCompileExec768565961.dir/CheckFunctionExists.c.o   -c /usr/share/cmake-2.8/Modules/CheckFunctionExists.c
Linking C executable cmTryCompileExec768565961
/usr/bin/cmake -E cmake_link_script CMakeFiles/cmTryCompileExec768565961.dir/link.txt --verbose=1
/usr/bin/cc   -DCHECK_FUNCTION_EXISTS=XOpenDisplay    CMakeFiles/cmTryCompileExec768565961.dir/CheckFunctionExists.c.o  -o cmTryCompileExec768565961 -rdynamic -lX11 -lXext 
make[1]: Leaving directory `/home/sysop/Dropbox/UCF/COP4331/Project/Libraries/freeglut-3.0.0/CMakeFiles/CMakeTmp'


Determining if the function gethostbyname exists passed with the following output:
Change Dir: /home/sysop/Dropbox/UCF/COP4331/Project/Libraries/freeglut-3.0.0/CMakeFiles/CMakeTmp

Run Build Command:/usr/bin/make "cmTryCompileExec224986888/fast"
/usr/bin/make -f CMakeFiles/cmTryCompileExec224986888.dir/build.make CMakeFiles/cmTryCompileExec224986888.dir/build
make[1]: Entering directory `/home/sysop/Dropbox/UCF/COP4331/Project/Libraries/freeglut-3.0.0/CMakeFiles/CMakeTmp'
/usr/bin/cmake -E cmake_progress_report /home/sysop/Dropbox/UCF/COP4331/Project/Libraries/freeglut-3.0.0/CMakeFiles/CMakeTmp/CMakeFiles 1
Building C object CMakeFiles/cmTryCompileExec224986888.dir/CheckFunctionExists.c.o
/usr/bin/cc   -DCHECK_FUNCTION_EXISTS=gethostbyname   -o CMakeFiles/cmTryCompileExec224986888.dir/CheckFunctionExists.c.o   -c /usr/share/cmake-2.8/Modules/CheckFunctionExists.c
Linking C executable cmTryCompileExec224986888
/usr/bin/cmake -E cmake_link_script CMakeFiles/cmTryCompileExec224986888.dir/link.txt --verbose=1
/usr/bin/cc   -DCHECK_FUNCTION_EXISTS=gethostbyname    CMakeFiles/cmTryCompileExec224986888.dir/CheckFunctionExists.c.o  -o cmTryCompileExec224986888 -rdynamic 
make[1]: Leaving directory `/home/sysop/Dropbox/UCF/COP4331/Project/Libraries/freeglut-3.0.0/CMakeFiles/CMakeTmp'


Determining if the function connect exists passed with the following output:
Change Dir: /home/sysop/Dropbox/UCF/COP4331/Project/Libraries/freeglut-3.0.0/CMakeFiles/CMakeTmp

Run Build Command:/usr/bin/make "cmTryCompileExec3009613628/fast"
/usr/bin/make -f CMakeFiles/cmTryCompileExec3009613628.dir/build.make CMakeFiles/cmTryCompileExec3009613628.dir/build
make[1]: Entering directory `/home/sysop/Dropbox/UCF/COP4331/Project/Libraries/freeglut-3.0.0/CMakeFiles/CMakeTmp'
/usr/bin/cmake -E cmake_progress_report /home/sysop/Dropbox/UCF/COP4331/Project/Libraries/freeglut-3.0.0/CMakeFiles/CMakeTmp/CMakeFiles 1
Building C object CMakeFiles/cmTryCompileExec3009613628.dir/CheckFunctionExists.c.o
/usr/bin/cc   -DCHECK_FUNCTION_EXISTS=connect   -o CMakeFiles/cmTryCompileExec3009613628.dir/CheckFunctionExists.c.o   -c /usr/share/cmake-2.8/Modules/CheckFunctionExists.c
Linking C executable cmTryCompileExec3009613628
/usr/bin/cmake -E cmake_link_script CMakeFiles/cmTryCompileExec3009613628.dir/link.txt --verbose=1
/usr/bin/cc   -DCHECK_FUNCTION_EXISTS=connect    CMakeFiles/cmTryCompileExec3009613628.dir/CheckFunctionExists.c.o  -o cmTryCompileExec3009613628 -rdynamic 
make[1]: Leaving directory `/home/sysop/Dropbox/UCF/COP4331/Project/Libraries/freeglut-3.0.0/CMakeFiles/CMakeTmp'


Determining if the function remove exists passed with the following output:
Change Dir: /home/sysop/Dropbox/UCF/COP4331/Project/Libraries/freeglut-3.0.0/CMakeFiles/CMakeTmp

Run Build Command:/usr/bin/make "cmTryCompileExec623132895/fast"
/usr/bin/make -f CMakeFiles/cmTryCompileExec623132895.dir/build.make CMakeFiles/cmTryCompileExec623132895.dir/build
make[1]: Entering directory `/home/sysop/Dropbox/UCF/COP4331/Project/Libraries/freeglut-3.0.0/CMakeFiles/CMakeTmp'
/usr/bin/cmake -E cmake_progress_report /home/sysop/Dropbox/UCF/COP4331/Project/Libraries/freeglut-3.0.0/CMakeFiles/CMakeTmp/CMakeFiles 1
Building C object CMakeFiles/cmTryCompileExec623132895.dir/CheckFunctionExists.c.o
/usr/bin/cc   -DCHECK_FUNCTION_EXISTS=remove   -o CMakeFiles/cmTryCompileExec623132895.dir/CheckFunctionExists.c.o   -c /usr/share/cmake-2.8/Modules/CheckFunctionExists.c
Linking C executable cmTryCompileExec623132895
/usr/bin/cmake -E cmake_link_script CMakeFiles/cmTryCompileExec623132895.dir/link.txt --verbose=1
/usr/bin/cc   -DCHECK_FUNCTION_EXISTS=remove    CMakeFiles/cmTryCompileExec623132895.dir/CheckFunctionExists.c.o  -o cmTryCompileExec623132895 -rdynamic 
make[1]: Leaving directory `/home/sysop/Dropbox/UCF/COP4331/Project/Libraries/freeglut-3.0.0/CMakeFiles/CMakeTmp'


Determining if the function shmat exists passed with the following output:
Change Dir: /home/sysop/Dropbox/UCF/COP4331/Project/Libraries/freeglut-3.0.0/CMakeFiles/CMakeTmp

Run Build Command:/usr/bin/make "cmTryCompileExec3084455761/fast"
/usr/bin/make -f CMakeFiles/cmTryCompileExec3084455761.dir/build.make CMakeFiles/cmTryCompileExec3084455761.dir/build
make[1]: Entering directory `/home/sysop/Dropbox/UCF/COP4331/Project/Libraries/freeglut-3.0.0/CMakeFiles/CMakeTmp'
/usr/bin/cmake -E cmake_progress_report /home/sysop/Dropbox/UCF/COP4331/Project/Libraries/freeglut-3.0.0/CMakeFiles/CMakeTmp/CMakeFiles 1
Building C object CMakeFiles/cmTryCompileExec3084455761.dir/CheckFunctionExists.c.o
/usr/bin/cc   -DCHECK_FUNCTION_EXISTS=shmat   -o CMakeFiles/cmTryCompileExec3084455761.dir/CheckFunctionExists.c.o   -c /usr/share/cmake-2.8/Modules/CheckFunctionExists.c
Linking C executable cmTryCompileExec3084455761
/usr/bin/cmake -E cmake_link_script CMakeFiles/cmTryCompileExec3084455761.dir/link.txt --verbose=1
/usr/bin/cc   -DCHECK_FUNCTION_EXISTS=shmat    CMakeFiles/cmTryCompileExec3084455761.dir/CheckFunctionExists.c.o  -o cmTryCompileExec3084455761 -rdynamic 
make[1]: Leaving directory `/home/sysop/Dropbox/UCF/COP4331/Project/Libraries/freeglut-3.0.0/CMakeFiles/CMakeTmp'


Determining if files sys/types.h exist passed with the following output:
Change Dir: /home/sysop/Dropbox/UCF/COP4331/Project/Libraries/freeglut-3.0.0/CMakeFiles/CMakeTmp

Run Build Command:/usr/bin/make "cmTryCompileExec4046127233/fast"
/usr/bin/make -f CMakeFiles/cmTryCompileExec4046127233.dir/build.make CMakeFiles/cmTryCompileExec4046127233.dir/build
make[1]: Entering directory `/home/sysop/Dropbox/UCF/COP4331/Project/Libraries/freeglut-3.0.0/CMakeFiles/CMakeTmp'
/usr/bin/cmake -E cmake_progress_report /home/sysop/Dropbox/UCF/COP4331/Project/Libraries/freeglut-3.0.0/CMakeFiles/CMakeTmp/CMakeFiles 1
Building C object CMakeFiles/cmTryCompileExec4046127233.dir/CheckIncludeFiles.c.o
/usr/bin/cc   -Wall -pedantic    -o CMakeFiles/cmTryCompileExec4046127233.dir/CheckIncludeFiles.c.o   -c /home/sysop/Dropbox/UCF/COP4331/Project/Libraries/freeglut-3.0.0/CMakeFiles/CMakeTmp/CheckIncludeFiles.c
Linking C executable cmTryCompileExec4046127233
/usr/bin/cmake -E cmake_link_script CMakeFiles/cmTryCompileExec4046127233.dir/link.txt --verbose=1
/usr/bin/cc   -Wall -pedantic     CMakeFiles/cmTryCompileExec4046127233.dir/CheckIncludeFiles.c.o  -o cmTryCompileExec4046127233 -rdynamic 
make[1]: Leaving directory `/home/sysop/Dropbox/UCF/COP4331/Project/Libraries/freeglut-3.0.0/CMakeFiles/CMakeTmp'


Determining if files unistd.h exist passed with the following output:
Change Dir: /home/sysop/Dropbox/UCF/COP4331/Project/Libraries/freeglut-3.0.0/CMakeFiles/CMakeTmp

Run Build Command:/usr/bin/make "cmTryCompileExec3888155917/fast"
/usr/bin/make -f CMakeFiles/cmTryCompileExec3888155917.dir/build.make CMakeFiles/cmTryCompileExec3888155917.dir/build
make[1]: Entering directory `/home/sysop/Dropbox/UCF/COP4331/Project/Libraries/freeglut-3.0.0/CMakeFiles/CMakeTmp'
/usr/bin/cmake -E cmake_progress_report /home/sysop/Dropbox/UCF/COP4331/Project/Libraries/freeglut-3.0.0/CMakeFiles/CMakeTmp/CMakeFiles 1
Building C object CMakeFiles/cmTryCompileExec3888155917.dir/CheckIncludeFiles.c.o
/usr/bin/cc   -Wall -pedantic    -o CMakeFiles/cmTryCompileExec3888155917.dir/CheckIncludeFiles.c.o   -c /home/sysop/Dropbox/UCF/COP4331/Project/Libraries/freeglut-3.0.0/CMakeFiles/CMakeTmp/CheckIncludeFiles.c
Linking C executable cmTryCompileExec3888155917
/usr/bin/cmake -E cmake_link_script CMakeFiles/cmTryCompileExec3888155917.dir/link.txt --verbose=1
/usr/bin/cc   -Wall -pedantic     CMakeFiles/cmTryCompileExec3888155917.dir/CheckIncludeFiles.c.o  -o cmTryCompileExec3888155917 -rdynamic 
make[1]: Leaving directory `/home/sysop/Dropbox/UCF/COP4331/Project/Libraries/freeglut-3.0.0/CMakeFiles/CMakeTmp'


Determining if files sys/time.h exist passed with the following output:
Change Dir: /home/sysop/Dropbox/UCF/COP4331/Project/Libraries/freeglut-3.0.0/CMakeFiles/CMakeTmp

Run Build Command:/usr/bin/make "cmTryCompileExec698197613/fast"
/usr/bin/make -f CMakeFiles/cmTryCompileExec698197613.dir/build.make CMakeFiles/cmTryCompileExec698197613.dir/build
make[1]: Entering directory `/home/sysop/Dropbox/UCF/COP4331/Project/Libraries/freeglut-3.0.0/CMakeFiles/CMakeTmp'
/usr/bin/cmake -E cmake_progress_report /home/sysop/Dropbox/UCF/COP4331/Project/Libraries/freeglut-3.0.0/CMakeFiles/CMakeTmp/CMakeFiles 1
Building C object CMakeFiles/cmTryCompileExec698197613.dir/CheckIncludeFiles.c.o
/usr/bin/cc   -Wall -pedantic    -o CMakeFiles/cmTryCompileExec698197613.dir/CheckIncludeFiles.c.o   -c /home/sysop/Dropbox/UCF/COP4331/Project/Libraries/freeglut-3.0.0/CMakeFiles/CMakeTmp/CheckIncludeFiles.c
Linking C executable cmTryCompileExec698197613
/usr/bin/cmake -E cmake_link_script CMakeFiles/cmTryCompileExec698197613.dir/link.txt --verbose=1
/usr/bin/cc   -Wall -pedantic     CMakeFiles/cmTryCompileExec698197613.dir/CheckIncludeFiles.c.o  -o cmTryCompileExec698197613 -rdynamic 
make[1]: Leaving directory `/home/sysop/Dropbox/UCF/COP4331/Project/Libraries/freeglut-3.0.0/CMakeFiles/CMakeTmp'


Determining if files stdbool.h exist passed with the following output:
Change Dir: /home/sysop/Dropbox/UCF/COP4331/Project/Libraries/freeglut-3.0.0/CMakeFiles/CMakeTmp

Run Build Command:/usr/bin/make "cmTryCompileExec1957773406/fast"
/usr/bin/make -f CMakeFiles/cmTryCompileExec1957773406.dir/build.make CMakeFiles/cmTryCompileExec1957773406.dir/build
make[1]: Entering directory `/home/sysop/Dropbox/UCF/COP4331/Project/Libraries/freeglut-3.0.0/CMakeFiles/CMakeTmp'
/usr/bin/cmake -E cmake_progress_report /home/sysop/Dropbox/UCF/COP4331/Project/Libraries/freeglut-3.0.0/CMakeFiles/CMakeTmp/CMakeFiles 1
Building C object CMakeFiles/cmTryCompileExec1957773406.dir/CheckIncludeFiles.c.o
/usr/bin/cc   -Wall -pedantic    -o CMakeFiles/cmTryCompileExec1957773406.dir/CheckIncludeFiles.c.o   -c /home/sysop/Dropbox/UCF/COP4331/Project/Libraries/freeglut-3.0.0/CMakeFiles/CMakeTmp/CheckIncludeFiles.c
Linking C executable cmTryCompileExec1957773406
/usr/bin/cmake -E cmake_link_script CMakeFiles/cmTryCompileExec1957773406.dir/link.txt --verbose=1
/usr/bin/cc   -Wall -pedantic     CMakeFiles/cmTryCompileExec1957773406.dir/CheckIncludeFiles.c.o  -o cmTryCompileExec1957773406 -rdynamic 
make[1]: Leaving directory `/home/sysop/Dropbox/UCF/COP4331/Project/Libraries/freeglut-3.0.0/CMakeFiles/CMakeTmp'


Determining if files sys/param.h exist passed with the following output:
Change Dir: /home/sysop/Dropbox/UCF/COP4331/Project/Libraries/freeglut-3.0.0/CMakeFiles/CMakeTmp

Run Build Command:/usr/bin/make "cmTryCompileExec1252262396/fast"
/usr/bin/make -f CMakeFiles/cmTryCompileExec1252262396.dir/build.make CMakeFiles/cmTryCompileExec1252262396.dir/build
make[1]: Entering directory `/home/sysop/Dropbox/UCF/COP4331/Project/Libraries/freeglut-3.0.0/CMakeFiles/CMakeTmp'
/usr/bin/cmake -E cmake_progress_report /home/sysop/Dropbox/UCF/COP4331/Project/Libraries/freeglut-3.0.0/CMakeFiles/CMakeTmp/CMakeFiles 1
Building C object CMakeFiles/cmTryCompileExec1252262396.dir/CheckIncludeFiles.c.o
/usr/bin/cc   -Wall -pedantic    -o CMakeFiles/cmTryCompileExec1252262396.dir/CheckIncludeFiles.c.o   -c /home/sysop/Dropbox/UCF/COP4331/Project/Libraries/freeglut-3.0.0/CMakeFiles/CMakeTmp/CheckIncludeFiles.c
Linking C executable cmTryCompileExec1252262396
/usr/bin/cmake -E cmake_link_script CMakeFiles/cmTryCompileExec1252262396.dir/link.txt --verbose=1
/usr/bin/cc   -Wall -pedantic     CMakeFiles/cmTryCompileExec1252262396.dir/CheckIncludeFiles.c.o  -o cmTryCompileExec1252262396 -rdynamic 
make[1]: Leaving directory `/home/sysop/Dropbox/UCF/COP4331/Project/Libraries/freeglut-3.0.0/CMakeFiles/CMakeTmp'


Determining if files sys/ioctl.h exist passed with the following output:
Change Dir: /home/sysop/Dropbox/UCF/COP4331/Project/Libraries/freeglut-3.0.0/CMakeFiles/CMakeTmp

Run Build Command:/usr/bin/make "cmTryCompileExec880405892/fast"
/usr/bin/make -f CMakeFiles/cmTryCompileExec880405892.dir/build.make CMakeFiles/cmTryCompileExec880405892.dir/build
make[1]: Entering directory `/home/sysop/Dropbox/UCF/COP4331/Project/Libraries/freeglut-3.0.0/CMakeFiles/CMakeTmp'
/usr/bin/cmake -E cmake_progress_report /home/sysop/Dropbox/UCF/COP4331/Project/Libraries/freeglut-3.0.0/CMakeFiles/CMakeTmp/CMakeFiles 1
Building C object CMakeFiles/cmTryCompileExec880405892.dir/CheckIncludeFiles.c.o
/usr/bin/cc   -Wall -pedantic    -o CMakeFiles/cmTryCompileExec880405892.dir/CheckIncludeFiles.c.o   -c /home/sysop/Dropbox/UCF/COP4331/Project/Libraries/freeglut-3.0.0/CMakeFiles/CMakeTmp/CheckIncludeFiles.c
Linking C executable cmTryCompileExec880405892
/usr/bin/cmake -E cmake_link_script CMakeFiles/cmTryCompileExec880405892.dir/link.txt --verbose=1
/usr/bin/cc   -Wall -pedantic     CMakeFiles/cmTryCompileExec880405892.dir/CheckIncludeFiles.c.o  -o cmTryCompileExec880405892 -rdynamic 
make[1]: Leaving directory `/home/sysop/Dropbox/UCF/COP4331/Project/Libraries/freeglut-3.0.0/CMakeFiles/CMakeTmp'


Determining if files fcntl.h exist passed with the following output:
Change Dir: /home/sysop/Dropbox/UCF/COP4331/Project/Libraries/freeglut-3.0.0/CMakeFiles/CMakeTmp

Run Build Command:/usr/bin/make "cmTryCompileExec3773668278/fast"
/usr/bin/make -f CMakeFiles/cmTryCompileExec3773668278.dir/build.make CMakeFiles/cmTryCompileExec3773668278.dir/build
make[1]: Entering directory `/home/sysop/Dropbox/UCF/COP4331/Project/Libraries/freeglut-3.0.0/CMakeFiles/CMakeTmp'
/usr/bin/cmake -E cmake_progress_report /home/sysop/Dropbox/UCF/COP4331/Project/Libraries/freeglut-3.0.0/CMakeFiles/CMakeTmp/CMakeFiles 1
Building C object CMakeFiles/cmTryCompileExec3773668278.dir/CheckIncludeFiles.c.o
/usr/bin/cc   -Wall -pedantic    -o CMakeFiles/cmTryCompileExec3773668278.dir/CheckIncludeFiles.c.o   -c /home/sysop/Dropbox/UCF/COP4331/Project/Libraries/freeglut-3.0.0/CMakeFiles/CMakeTmp/CheckIncludeFiles.c
Linking C executable cmTryCompileExec3773668278
/usr/bin/cmake -E cmake_link_script CMakeFiles/cmTryCompileExec3773668278.dir/link.txt --verbose=1
/usr/bin/cc   -Wall -pedantic     CMakeFiles/cmTryCompileExec3773668278.dir/CheckIncludeFiles.c.o  -o cmTryCompileExec3773668278 -rdynamic 
make[1]: Leaving directory `/home/sysop/Dropbox/UCF/COP4331/Project/Libraries/freeglut-3.0.0/CMakeFiles/CMakeTmp'


Determining if the function gettimeofday exists passed with the following output:
Change Dir: /home/sysop/Dropbox/UCF/COP4331/Project/Libraries/freeglut-3.0.0/CMakeFiles/CMakeTmp

Run Build Command:/usr/bin/make "cmTryCompileExec2836072176/fast"
/usr/bin/make -f CMakeFiles/cmTryCompileExec2836072176.dir/build.make CMakeFiles/cmTryCompileExec2836072176.dir/build
make[1]: Entering directory `/home/sysop/Dropbox/UCF/COP4331/Project/Libraries/freeglut-3.0.0/CMakeFiles/CMakeTmp'
/usr/bin/cmake -E cmake_progress_report /home/sysop/Dropbox/UCF/COP4331/Project/Libraries/freeglut-3.0.0/CMakeFiles/CMakeTmp/CMakeFiles 1
Building C object CMakeFiles/cmTryCompileExec2836072176.dir/CheckFunctionExists.c.o
/usr/bin/cc   -Wall -pedantic -DCHECK_FUNCTION_EXISTS=gettimeofday   -o CMakeFiles/cmTryCompileExec2836072176.dir/CheckFunctionExists.c.o   -c /usr/share/cmake-2.8/Modules/CheckFunctionExists.c
Linking C executable cmTryCompileExec2836072176
/usr/bin/cmake -E cmake_link_script CMakeFiles/cmTryCompileExec2836072176.dir/link.txt --verbose=1
/usr/bin/cc   -Wall -pedantic -DCHECK_FUNCTION_EXISTS=gettimeofday    CMakeFiles/cmTryCompileExec2836072176.dir/CheckFunctionExists.c.o  -o cmTryCompileExec2836072176 -rdynamic -lm 
make[1]: Leaving directory `/home/sysop/Dropbox/UCF/COP4331/Project/Libraries/freeglut-3.0.0/CMakeFiles/CMakeTmp'


Determining if files stdint.h exist passed with the following output:
Change Dir: /home/sysop/Dropbox/UCF/COP4331/Project/Libraries/freeglut-3.0.0/CMakeFiles/CMakeTmp

Run Build Command:/usr/bin/make "cmTryCompileExec3268741816/fast"
/usr/bin/make -f CMakeFiles/cmTryCompileExec3268741816.dir/build.make CMakeFiles/cmTryCompileExec3268741816.dir/build
make[1]: Entering directory `/home/sysop/Dropbox/UCF/COP4331/Project/Libraries/freeglut-3.0.0/CMakeFiles/CMakeTmp'
/usr/bin/cmake -E cmake_progress_report /home/sysop/Dropbox/UCF/COP4331/Project/Libraries/freeglut-3.0.0/CMakeFiles/CMakeTmp/CMakeFiles 1
Building C object CMakeFiles/cmTryCompileExec3268741816.dir/CheckIncludeFiles.c.o
/usr/bin/cc   -Wall -pedantic    -o CMakeFiles/cmTryCompileExec3268741816.dir/CheckIncludeFiles.c.o   -c /home/sysop/Dropbox/UCF/COP4331/Project/Libraries/freeglut-3.0.0/CMakeFiles/CMakeTmp/CheckIncludeFiles.c
Linking C executable cmTryCompileExec3268741816
/usr/bin/cmake -E cmake_link_script CMakeFiles/cmTryCompileExec3268741816.dir/link.txt --verbose=1
/usr/bin/cc   -Wall -pedantic     CMakeFiles/cmTryCompileExec3268741816.dir/CheckIncludeFiles.c.o  -o cmTryCompileExec3268741816 -rdynamic 
make[1]: Leaving directory `/home/sysop/Dropbox/UCF/COP4331/Project/Libraries/freeglut-3.0.0/CMakeFiles/CMakeTmp'


Determining if files inttypes.h exist passed with the following output:
Change Dir: /home/sysop/Dropbox/UCF/COP4331/Project/Libraries/freeglut-3.0.0/CMakeFiles/CMakeTmp

Run Build Command:/usr/bin/make "cmTryCompileExec1543176720/fast"
/usr/bin/make -f CMakeFiles/cmTryCompileExec1543176720.dir/build.make CMakeFiles/cmTryCompileExec1543176720.dir/build
make[1]: Entering directory `/home/sysop/Dropbox/UCF/COP4331/Project/Libraries/freeglut-3.0.0/CMakeFiles/CMakeTmp'
/usr/bin/cmake -E cmake_progress_report /home/sysop/Dropbox/UCF/COP4331/Project/Libraries/freeglut-3.0.0/CMakeFiles/CMakeTmp/CMakeFiles 1
Building C object CMakeFiles/cmTryCompileExec1543176720.dir/CheckIncludeFiles.c.o
/usr/bin/cc   -Wall -pedantic    -o CMakeFiles/cmTryCompileExec1543176720.dir/CheckIncludeFiles.c.o   -c /home/sysop/Dropbox/UCF/COP4331/Project/Libraries/freeglut-3.0.0/CMakeFiles/CMakeTmp/CheckIncludeFiles.c
Linking C executable cmTryCompileExec1543176720
/usr/bin/cmake -E cmake_link_script CMakeFiles/cmTryCompileExec1543176720.dir/link.txt --verbose=1
/usr/bin/cc   -Wall -pedantic     CMakeFiles/cmTryCompileExec1543176720.dir/CheckIncludeFiles.c.o  -o cmTryCompileExec1543176720 -rdynamic 
make[1]: Leaving directory `/home/sysop/Dropbox/UCF/COP4331/Project/Libraries/freeglut-3.0.0/CMakeFiles/CMakeTmp'


Determining if the function IceConnectionNumber exists in the ICE passed with the following output:
Change Dir: /home/sysop/Dropbox/UCF/COP4331/Project/Libraries/freeglut-3.0.0/CMakeFiles/CMakeTmp

Run Build Command:/usr/bin/make "cmTryCompileExec426046884/fast"
/usr/bin/make -f CMakeFiles/cmTryCompileExec426046884.dir/build.make CMakeFiles/cmTryCompileExec426046884.dir/build
make[1]: Entering directory `/home/sysop/Dropbox/UCF/COP4331/Project/Libraries/freeglut-3.0.0/CMakeFiles/CMakeTmp'
/usr/bin/cmake -E cmake_progress_report /home/sysop/Dropbox/UCF/COP4331/Project/Libraries/freeglut-3.0.0/CMakeFiles/CMakeTmp/CMakeFiles 1
Building C object CMakeFiles/cmTryCompileExec426046884.dir/CheckFunctionExists.c.o
/usr/bin/cc   -DCHECK_FUNCTION_EXISTS=IceConnectionNumber   -o CMakeFiles/cmTryCompileExec426046884.dir/CheckFunctionExists.c.o   -c /usr/share/cmake-2.8/Modules/CheckFunctionExists.c
Linking C executable cmTryCompileExec426046884
/usr/bin/cmake -E cmake_link_script CMakeFiles/cmTryCompileExec426046884.dir/link.txt --verbose=1
/usr/bin/cc   -DCHECK_FUNCTION_EXISTS=IceConnectionNumber    CMakeFiles/cmTryCompileExec426046884.dir/CheckFunctionExists.c.o  -o cmTryCompileExec426046884 -rdynamic -lICE 
make[1]: Leaving directory `/home/sysop/Dropbox/UCF/COP4331/Project/Libraries/freeglut-3.0.0/CMakeFiles/CMakeTmp'


Determining if files /usr/include/X11/extensions/XInput2.h exist passed with the following output:
Change Dir: /home/sysop/Dropbox/UCF/COP4331/Project/Libraries/freeglut-3.0.0/CMakeFiles/CMakeTmp

Run Build Command:/usr/bin/make "cmTryCompileExec1259152616/fast"
/usr/bin/make -f CMakeFiles/cmTryCompileExec1259152616.dir/build.make CMakeFiles/cmTryCompileExec1259152616.dir/build
make[1]: Entering directory `/home/sysop/Dropbox/UCF/COP4331/Project/Libraries/freeglut-3.0.0/CMakeFiles/CMakeTmp'
/usr/bin/cmake -E cmake_progress_report /home/sysop/Dropbox/UCF/COP4331/Project/Libraries/freeglut-3.0.0/CMakeFiles/CMakeTmp/CMakeFiles 1
Building C object CMakeFiles/cmTryCompileExec1259152616.dir/CheckIncludeFiles.c.o
/usr/bin/cc   -Wall -pedantic    -o CMakeFiles/cmTryCompileExec1259152616.dir/CheckIncludeFiles.c.o   -c /home/sysop/Dropbox/UCF/COP4331/Project/Libraries/freeglut-3.0.0/CMakeFiles/CMakeTmp/CheckIncludeFiles.c
Linking C executable cmTryCompileExec1259152616
/usr/bin/cmake -E cmake_link_script CMakeFiles/cmTryCompileExec1259152616.dir/link.txt --verbose=1
/usr/bin/cc   -Wall -pedantic     CMakeFiles/cmTryCompileExec1259152616.dir/CheckIncludeFiles.c.o  -o cmTryCompileExec1259152616 -rdynamic 
make[1]: Leaving directory `/home/sysop/Dropbox/UCF/COP4331/Project/Libraries/freeglut-3.0.0/CMakeFiles/CMakeTmp'


