Determining if files usbhid.h exist failed with the following output:
Change Dir: /home/sysop/Dropbox/UCF/COP4331/Project/Libraries/freeglut-3.0.0/CMakeFiles/CMakeTmp

Run Build Command:/usr/bin/make "cmTryCompileExec942581117/fast"
/usr/bin/make -f CMakeFiles/cmTryCompileExec942581117.dir/build.make CMakeFiles/cmTryCompileExec942581117.dir/build
make[1]: Entering directory `/home/sysop/Dropbox/UCF/COP4331/Project/Libraries/freeglut-3.0.0/CMakeFiles/CMakeTmp'
/usr/bin/cmake -E cmake_progress_report /home/sysop/Dropbox/UCF/COP4331/Project/Libraries/freeglut-3.0.0/CMakeFiles/CMakeTmp/CMakeFiles 1
Building C object CMakeFiles/cmTryCompileExec942581117.dir/CheckIncludeFiles.c.o
/usr/bin/cc   -Wall -pedantic    -o CMakeFiles/cmTryCompileExec942581117.dir/CheckIncludeFiles.c.o   -c /home/sysop/Dropbox/UCF/COP4331/Project/Libraries/freeglut-3.0.0/CMakeFiles/CMakeTmp/CheckIncludeFiles.c
/home/sysop/Dropbox/UCF/COP4331/Project/Libraries/freeglut-3.0.0/CMakeFiles/CMakeTmp/CheckIncludeFiles.c:2:20: fatal error: usbhid.h: No such file or directory
 #include <usbhid.h>
                    ^
compilation terminated.
make[1]: Leaving directory `/home/sysop/Dropbox/UCF/COP4331/Project/Libraries/freeglut-3.0.0/CMakeFiles/CMakeTmp'
make[1]: *** [CMakeFiles/cmTryCompileExec942581117.dir/CheckIncludeFiles.c.o] Error 1
make: *** [cmTryCompileExec942581117/fast] Error 2

Source:
/* */
#include <usbhid.h>


int main(){return 0;}

Determining if the function XParseGeometry exists failed with the following output:
Change Dir: /home/sysop/Dropbox/UCF/COP4331/Project/Libraries/freeglut-3.0.0/CMakeFiles/CMakeTmp

Run Build Command:/usr/bin/make "cmTryCompileExec1004325393/fast"
/usr/bin/make -f CMakeFiles/cmTryCompileExec1004325393.dir/build.make CMakeFiles/cmTryCompileExec1004325393.dir/build
make[1]: Entering directory `/home/sysop/Dropbox/UCF/COP4331/Project/Libraries/freeglut-3.0.0/CMakeFiles/CMakeTmp'
/usr/bin/cmake -E cmake_progress_report /home/sysop/Dropbox/UCF/COP4331/Project/Libraries/freeglut-3.0.0/CMakeFiles/CMakeTmp/CMakeFiles 1
Building C object CMakeFiles/cmTryCompileExec1004325393.dir/CheckFunctionExists.c.o
/usr/bin/cc   -Wall -pedantic -DCHECK_FUNCTION_EXISTS=XParseGeometry   -o CMakeFiles/cmTryCompileExec1004325393.dir/CheckFunctionExists.c.o   -c /usr/share/cmake-2.8/Modules/CheckFunctionExists.c
Linking C executable cmTryCompileExec1004325393
/usr/bin/cmake -E cmake_link_script CMakeFiles/cmTryCompileExec1004325393.dir/link.txt --verbose=1
/usr/bin/cc   -Wall -pedantic -DCHECK_FUNCTION_EXISTS=XParseGeometry    CMakeFiles/cmTryCompileExec1004325393.dir/CheckFunctionExists.c.o  -o cmTryCompileExec1004325393 -rdynamic -lm 
CMakeFiles/cmTryCompileExec1004325393.dir/CheckFunctionExists.c.o: In function `main':
CheckFunctionExists.c:(.text+0x15): undefined reference to `XParseGeometry'
collect2: error: ld returned 1 exit status
make[1]: *** [cmTryCompileExec1004325393] Error 1
make[1]: Leaving directory `/home/sysop/Dropbox/UCF/COP4331/Project/Libraries/freeglut-3.0.0/CMakeFiles/CMakeTmp'
make: *** [cmTryCompileExec1004325393/fast] Error 2


